Arguments: 
  C:\Program Files\nodejs\node.exe C:\Program Files (x86)\Yarn\bin\yarn.js add jquery

PATH: 
  C:\Program Files (x86)\Common Files\Oracle\Java\javapath;C:\WINDOWS\system32;C:\WINDOWS;C:\WINDOWS\System32\Wbem;C:\WINDOWS\System32\WindowsPowerShell\v1.0\;C:\Program Files (x86)\ATI Technologies\ATI.ACE\Core-Static;C:\WINDOWS\System32\OpenSSH\;C:\Program Files (x86)\Yarn\bin\;C:\Program Files\nodejs\;C:\Ruby27-x64\bin;C:\Python\Python38\Scripts\;C:\Python\Python38\;C:\Users\Adam\AppData\Local\Microsoft\WindowsApps;C:\devtools\jdk-13.0.2\bin;C:\Users\Adam\AppData\Local\Programs\Python\Python37;C:\Users\Adam\AppData\Local\GitHubDesktop\bin;C:\Users\Adam\AppData\Local\atom\bin;C:\Users\Adam\AppData\Local\Yarn\bin;C:\Users\Adam\AppData\Roaming\npm

Yarn version: 
  1.22.5

Node version: 
  12.19.0

Platform: 
  win32 x64

Trace: 
  Error: EPERM: operation not permitted, copyfile 'C:\Users\Adam\AppData\Local\Yarn\Cache\v6\npm-jquery-3.5.1-d7b4d08e1bfdb86ad2f1a3d039ea17304717abb5-integrity\node_modules\jquery\AUTHORS.txt' -> 'C:\Users\Adam\Documents\GitHub\web-application-Adam8151\node_modules\jquery\AUTHORS.txt'

npm manifest: 
  {
    "name": "web-application-Adam8151",
    "version": "1.0.0",
    "main": "index.js",
    "license": "MIT",
    "dependencies": {
      "bootstrap": "^4.5.2"
    }
  }

yarn manifest: 
  No manifest

Lockfile: 
  # THIS IS AN AUTOGENERATED FILE. DO NOT EDIT THIS FILE DIRECTLY.
  # yarn lockfile v1
  
  
  bootstrap@^4.5.2:
    version "4.5.2"
    resolved "https://registry.yarnpkg.com/bootstrap/-/bootstrap-4.5.2.tgz#a85c4eda59155f0d71186b6e6ad9b875813779ab"
    integrity sha512-vlGn0bcySYl/iV+BGA544JkkZP5LB3jsmkeKLFQakCOwCM3AOk7VkldBz4jrzSe+Z0Ezn99NVXa1o45cQY4R6A==
